INFO 2019-11-18 13:25:56 _log Connected (version 2.0, client OpenSSH_7.6p1)
INFO 2019-11-18 13:25:56 _log Authentication (password) successful!
INFO 2019-11-18 13:26:44 _log Connected (version 2.0, client OpenSSH_7.6p1)
INFO 2019-11-18 13:26:44 _log Authentication (password) successful!
INFO 2019-11-18 13:27:23 _log Connected (version 2.0, client OpenSSH_7.6p1)
INFO 2019-11-18 13:27:23 _log Authentication (password) successful!
INFO 2019-11-18 13:35:34 _log Connected (version 2.0, client OpenSSH_7.6p1)
INFO 2019-11-18 13:35:34 _log Authentication (password) successful!
INFO 2019-11-18 14:37:55 _log Connected (version 2.0, client OpenSSH_7.6p1)
INFO 2019-11-18 14:37:55 _log Authentication (password) successful!
INFO 2019-11-18 14:42:10 _log Connected (version 2.0, client OpenSSH_7.6p1)
INFO 2019-11-18 14:42:10 _log Authentication (password) successful!
INFO 2019-11-18 14:44:43 _log Connected (version 2.0, client OpenSSH_7.6p1)
INFO 2019-11-18 14:44:43 _log Authentication (password) successful!
INFO 2019-11-18 14:47:45 _log Connected (version 2.0, client OpenSSH_7.6p1)
INFO 2019-11-18 14:47:45 _log Authentication (password) successful!
INFO 2019-11-18 14:56:16 _log Connected (version 2.0, client OpenSSH_7.8)
INFO 2019-11-18 14:56:16 _log Authentication (password) successful!
INFO 2019-11-18 14:56:37 _log Connected (version 2.0, client OpenSSH_7.8)
INFO 2019-11-18 14:56:37 _log Authentication (password) successful!
INFO 2019-11-18 14:56:38 _log [chan 0] Opened sftp connection (server version 3)
INFO 2019-11-18 14:57:27 _log Connected (version 2.0, client OpenSSH_7.8)
INFO 2019-11-18 14:57:27 _log Authentication (password) successful!
INFO 2019-11-18 14:59:54 _log Connected (version 2.0, client OpenSSH_7.8)
INFO 2019-11-18 14:59:54 _log Authentication (password) successful!
INFO 2019-11-18 15:00:10 _log Connected (version 2.0, client OpenSSH_7.8)
INFO 2019-11-18 15:00:10 _log Authentication (password) successful!
INFO 2019-11-18 15:01:09 _log Connected (version 2.0, client OpenSSH_7.8)
INFO 2019-11-18 15:01:09 _log Authentication (password) successful!
INFO 2019-11-18 15:02:21 _log Connected (version 2.0, client OpenSSH_7.8)
INFO 2019-11-18 15:02:21 _log Authentication (password) successful!
INFO 2019-11-18 15:02:41 _log Connected (version 2.0, client OpenSSH_7.6p1)
INFO 2019-11-18 15:02:41 _log Authentication (password) successful!
INFO 2019-11-18 15:21:16 _log Connected (version 2.0, client OpenSSH_7.8)
INFO 2019-11-18 15:21:16 _log Authentication (password) successful!
INFO 2019-11-18 15:21:23 _log Connected (version 2.0, client OpenSSH_7.6p1)
INFO 2019-11-18 15:21:23 _log Authentication (password) successful!
INFO 2019-11-18 15:25:13 _log Connected (version 2.0, client OpenSSH_7.8)
INFO 2019-11-18 15:25:13 _log Authentication (password) successful!
INFO 2019-11-18 15:25:24 _log Connected (version 2.0, client OpenSSH_7.8)
INFO 2019-11-18 15:25:24 _log Authentication (password) successful!
INFO 2019-11-18 15:41:49 _log Connected (version 2.0, client OpenSSH_7.8)
INFO 2019-11-18 15:41:50 _log Authentication (password) successful!
INFO 2019-11-18 15:42:46 _log Connected (version 2.0, client OpenSSH_7.8)
INFO 2019-11-18 15:42:47 _log Authentication (password) successful!
INFO 2019-11-18 15:58:41 _log Connected (version 2.0, client OpenSSH_7.8)
INFO 2019-11-18 15:58:41 _log Authentication (password) successful!
INFO 2019-11-18 16:00:32 _log Connected (version 2.0, client OpenSSH_7.8)
INFO 2019-11-18 16:00:32 _log Authentication (password) successful!
INFO 2019-11-18 16:09:26 _log Connected (version 2.0, client OpenSSH_7.8)
INFO 2019-11-18 16:09:26 _log Authentication (password) successful!
INFO 2019-11-18 16:24:55 _log Connected (version 2.0, client OpenSSH_7.8)
INFO 2019-11-18 16:24:55 _log Authentication (password) successful!
INFO 2019-11-18 16:26:13 _log Connected (version 2.0, client OpenSSH_7.8)
INFO 2019-11-18 16:26:13 _log Authentication (password) successful!
INFO 2019-11-18 16:28:57 _log Connected (version 2.0, client OpenSSH_7.8)
INFO 2019-11-18 16:28:57 _log Authentication (password) successful!
INFO 2019-11-18 16:31:24 _log Connected (version 2.0, client OpenSSH_7.8)
INFO 2019-11-18 16:31:24 _log Authentication (password) successful!
INFO 2019-11-18 17:02:06 _log Connected (version 2.0, client OpenSSH_7.8)
INFO 2019-11-18 17:02:06 _log Authentication (password) successful!
INFO 2019-11-18 18:50:57 _log Connected (version 2.0, client OpenSSH_7.8)
INFO 2019-11-18 18:50:57 _log Authentication (password) successful!
INFO 2019-11-18 18:54:28 _log Connected (version 2.0, client OpenSSH_7.8)
INFO 2019-11-18 18:54:28 _log Authentication (password) successful!
INFO 2019-11-18 18:54:49 _log Connected (version 2.0, client OpenSSH_7.8)
INFO 2019-11-18 18:54:49 _log Authentication (password) successful!
INFO 2019-11-18 20:47:04 _log Connected (version 2.0, client OpenSSH_7.8)
INFO 2019-11-18 20:47:04 _log Authentication (password) successful!
INFO 2019-11-18 20:47:46 _log Connected (version 2.0, client OpenSSH_7.6p1)
INFO 2019-11-18 20:47:46 _log Authentication (password) successful!
INFO 2019-11-18 20:47:50 _log Connected (version 2.0, client OpenSSH_7.8)
INFO 2019-11-18 20:47:50 _log Authentication (password) successful!
INFO 2019-11-18 20:53:43 _log Connected (version 2.0, client OpenSSH_7.8)
INFO 2019-11-18 20:53:43 _log Authentication (password) successful!
INFO 2019-11-18 20:53:45 _log Connected (version 2.0, client OpenSSH_7.6p1)
INFO 2019-11-18 20:53:45 _log Authentication (password) successful!
INFO 2019-11-18 20:54:42 _log Connected (version 2.0, client OpenSSH_7.8)
INFO 2019-11-18 20:54:43 _log Authentication (password) successful!
INFO 2019-11-18 20:57:04 _log Connected (version 2.0, client OpenSSH_7.8)
INFO 2019-11-18 20:57:04 _log Authentication (password) successful!
INFO 2019-11-18 21:05:14 _log Connected (version 2.0, client OpenSSH_7.8)
INFO 2019-11-18 21:05:14 _log Authentication (password) successful!
INFO 2019-11-18 21:12:10 _log Connected (version 2.0, client OpenSSH_7.8)
INFO 2019-11-18 21:12:10 _log Authentication (password) successful!
INFO 2019-11-18 21:12:13 _log Connected (version 2.0, client OpenSSH_7.6p1)
INFO 2019-11-18 21:12:13 _log Authentication (password) successful!
ERROR 2019-11-18 21:46:14 _log Exception: Error reading SSH protocol banner[Errno 104] Connection reset by peer
ERROR 2019-11-18 21:46:14 _log Traceback (most recent call last):
ERROR 2019-11-18 21:46:14 _log   File "/usr/local/lib/python3.6/dist-packages/paramiko/transport.py", line 2044, in _check_banner
ERROR 2019-11-18 21:46:14 _log     buf = self.packetizer.readline(timeout)
ERROR 2019-11-18 21:46:14 _log   File "/usr/local/lib/python3.6/dist-packages/paramiko/packet.py", line 353, in readline
ERROR 2019-11-18 21:46:14 _log     buf += self._read_timeout(timeout)
ERROR 2019-11-18 21:46:14 _log   File "/usr/local/lib/python3.6/dist-packages/paramiko/packet.py", line 540, in _read_timeout
ERROR 2019-11-18 21:46:14 _log     x = self.__socket.recv(128)
ERROR 2019-11-18 21:46:14 _log ConnectionResetError: [Errno 104] Connection reset by peer
ERROR 2019-11-18 21:46:14 _log 
ERROR 2019-11-18 21:46:14 _log During handling of the above exception, another exception occurred:
ERROR 2019-11-18 21:46:14 _log 
ERROR 2019-11-18 21:46:14 _log Traceback (most recent call last):
ERROR 2019-11-18 21:46:14 _log   File "/usr/local/lib/python3.6/dist-packages/paramiko/transport.py", line 1893, in run
ERROR 2019-11-18 21:46:14 _log     self._check_banner()
ERROR 2019-11-18 21:46:14 _log   File "/usr/local/lib/python3.6/dist-packages/paramiko/transport.py", line 2049, in _check_banner
ERROR 2019-11-18 21:46:14 _log     'Error reading SSH protocol banner' + str(e)
ERROR 2019-11-18 21:46:14 _log paramiko.ssh_exception.SSHException: Error reading SSH protocol banner[Errno 104] Connection reset by peer
ERROR 2019-11-18 21:46:14 _log 
INFO 2019-11-18 21:46:24 _log Connected (version 2.0, client OpenSSH_7.8)
INFO 2019-11-18 21:46:24 _log Authentication (password) successful!
INFO 2019-11-18 21:47:18 _log Connected (version 2.0, client OpenSSH_7.8)
INFO 2019-11-18 21:47:18 _log Authentication (password) successful!
ERROR 2019-11-19 13:54:42 _log Exception: Error reading SSH protocol banner[Errno 104] Connection reset by peer
ERROR 2019-11-19 13:54:42 _log Traceback (most recent call last):
ERROR 2019-11-19 13:54:42 _log   File "/usr/local/lib/python3.6/dist-packages/paramiko/transport.py", line 2044, in _check_banner
ERROR 2019-11-19 13:54:42 _log     buf = self.packetizer.readline(timeout)
ERROR 2019-11-19 13:54:42 _log   File "/usr/local/lib/python3.6/dist-packages/paramiko/packet.py", line 353, in readline
ERROR 2019-11-19 13:54:42 _log     buf += self._read_timeout(timeout)
ERROR 2019-11-19 13:54:42 _log   File "/usr/local/lib/python3.6/dist-packages/paramiko/packet.py", line 540, in _read_timeout
ERROR 2019-11-19 13:54:42 _log     x = self.__socket.recv(128)
ERROR 2019-11-19 13:54:42 _log ConnectionResetError: [Errno 104] Connection reset by peer
ERROR 2019-11-19 13:54:42 _log 
ERROR 2019-11-19 13:54:42 _log During handling of the above exception, another exception occurred:
ERROR 2019-11-19 13:54:42 _log 
ERROR 2019-11-19 13:54:42 _log Traceback (most recent call last):
ERROR 2019-11-19 13:54:42 _log   File "/usr/local/lib/python3.6/dist-packages/paramiko/transport.py", line 1893, in run
ERROR 2019-11-19 13:54:42 _log     self._check_banner()
ERROR 2019-11-19 13:54:42 _log   File "/usr/local/lib/python3.6/dist-packages/paramiko/transport.py", line 2049, in _check_banner
ERROR 2019-11-19 13:54:42 _log     'Error reading SSH protocol banner' + str(e)
ERROR 2019-11-19 13:54:42 _log paramiko.ssh_exception.SSHException: Error reading SSH protocol banner[Errno 104] Connection reset by peer
ERROR 2019-11-19 13:54:42 _log 
INFO 2019-11-19 13:54:48 _log Connected (version 2.0, client OpenSSH_7.8)
INFO 2019-11-19 13:54:48 _log Authentication (password) successful!
ERROR 2019-11-19 15:39:12 gateone 请求gateone失败: asset/gateone.html
ERROR 2019-11-19 16:06:24 gateone 请求gateone失败: name 'asset' is not defined
